stolpersteineKiel/build/outputs/mapping/release/mapping.txt
# compiler: R8
# compiler_version: 8.1.68
# min_api: 19
# common_typos_disable
# {"id":"com.android.tools.r8.mapping","version":"2.2"}
# pg_map_id: ec872da
# pg_map_hash: SHA-256 ec872dacbe5090c550eca8121a9c5e12a15f00f21bac9755503a82109e69ed38
de.vrlfr.stolpersteine.StolpersteinApplication -> de.vrlfr.stolpersteine.StolpersteinApplication:
    1:1:int getVersionCode(android.content.Context):0:0 -> a
de.vrlfr.stolpersteine.activity.BaseActivity -> y2.a:
    void <init>() -> <init>
    1:1:boolean onOptionsItemSelected(android.view.MenuItem):0:0 -> onOptionsItemSelected
de.vrlfr.stolpersteine.activity.FullscreenImageActivity -> de.vrlfr.stolpersteine.activity.FullscreenImageActivity:
    1:1:void handleExtras(android.os.Bundle):0:0 -> X
    1:1:android.content.Intent newIntent(android.content.Context,int,java.lang.String):0:0 -> Y
de.vrlfr.stolpersteine.activity.FullscreenPDFActivity -> de.vrlfr.stolpersteine.activity.FullscreenPDFActivity:
    1:1:void handleExtras(android.os.Bundle):0:0 -> X
    1:1:android.content.Intent newIntent(android.content.Context,int):0:0 -> Y
de.vrlfr.stolpersteine.activity.MainActivity -> de.vrlfr.stolpersteine.activity.MainActivity:
    android.widget.ListView drawerList -> B
    androidx.drawerlayout.widget.DrawerLayout drawerLayout -> C
    android.widget.LinearLayout drawerLinearLayout -> D
    androidx.appcompat.app.ActionBarDrawerToggle drawerToggle -> E
    androidx.fragment.app.Fragment mapFragment -> F
    de.vrlfr.stolpersteine.fragment.list.ListFragment listFragment -> G
    java.util.ArrayList stolpersteine -> H
    android.widget.BaseAdapter drawerListAdapter -> I
    java.util.concurrent.atomic.AtomicInteger currentlySelectedFragment -> J
    io.realm.Realm realm -> K
    1:1:void $r8$lambda$oo38Sb3o852u3p6YeXVlKCQYUgg(de.vrlfr.stolpersteine.activity.MainActivity,android.widget.AdapterView,android.view.View,int,long):0:0 -> X
      # {"id":"com.android.tools.r8.synthesized"}
    1:1:android.widget.ListView -$$Nest$fgetdrawerList(de.vrlfr.stolpersteine.activity.MainActivity):0:0 -> Y
      # {"id":"com.android.tools.r8.synthesized"}
    1:1:void addDrawerItems():0:0 -> Z
    1:1:void lambda$addDrawerItems$0(android.widget.AdapterView,android.view.View,int,long):0:0 -> a0
    1:1:void selectItem(int):0:0 -> b0
    1:1:void setupDrawer():0:0 -> c0
de.vrlfr.stolpersteine.activity.MainActivity$$ExternalSyntheticLambda0 -> y2.b:
# {"id":"sourceFile","fileName":"R8$$SyntheticClass"}
# {"id":"com.android.tools.r8.synthesized"}
    de.vrlfr.stolpersteine.activity.MainActivity de.vrlfr.stolpersteine.activity.MainActivity$$InternalSyntheticLambda$1$c753d6634d540582e1afe3638138d4bbfdbc5d86a331818cfce2653f92dfeee9$0.f$0 -> a
    1:1:void de.vrlfr.stolpersteine.activity.MainActivity$$InternalSyntheticLambda$1$c753d6634d540582e1afe3638138d4bbfdbc5d86a331818cfce2653f92dfeee9$0.<init>(de.vrlfr.stolpersteine.activity.MainActivity):0:0 -> <init>
      # {"id":"com.android.tools.r8.synthesized"}
    1:1:void de.vrlfr.stolpersteine.activity.MainActivity$$InternalSyntheticLambda$1$c753d6634d540582e1afe3638138d4bbfdbc5d86a331818cfce2653f92dfeee9$0.onItemClick(android.widget.AdapterView,android.view.View,int,long):0:0 -> onItemClick
      # {"id":"com.android.tools.r8.synthesized"}
de.vrlfr.stolpersteine.activity.MainActivity$1 -> de.vrlfr.stolpersteine.activity.MainActivity$a:
    de.vrlfr.stolpersteine.activity.MainActivity this$0 -> d
de.vrlfr.stolpersteine.activity.MainActivity$2 -> de.vrlfr.stolpersteine.activity.MainActivity$b:
    de.vrlfr.stolpersteine.activity.MainActivity this$0 -> l
    1:1:void onDrawerOpened(android.view.View):0:0 -> b
de.vrlfr.stolpersteine.activity.NavigationDrawerAdapter -> y2.d:
    android.app.Activity context -> a
    java.lang.String[] text -> b
    java.lang.Integer[] imageId -> c
    1:1:void <init>(android.app.Activity,java.lang.String[],java.lang.Integer[]):0:0 -> <init>
    1:1:android.view.View getView(int,android.view.View,android.view.ViewGroup):0:0 -> getView
...
androidx.lifecycle.LifecycleDispatcher$DispatcherActivityCallback -> androidx.lifecycle.j$a:
androidx.lifecycle.LifecycleEventObserver -> androidx.lifecycle.k:
    void onStateChanged(androidx.lifecycle.LifecycleOwner,androidx.lifecycle.Lifecycle$Event) -> d
      # {"id":"com.android.tools.r8.residualsignature","signature":"(Landroidx/lifecycle/m;Landroidx/lifecycle/h$a;)V"}
androidx.lifecycle.LifecycleObserver -> androidx.lifecycle.l:
androidx.lifecycle.LifecycleOwner -> androidx.lifecycle.m:
    androidx.lifecycle.Lifecycle getLifecycle() -> l
      # {"id":"com.android.tools.r8.residualsignature","signature":"()Landroidx/lifecycle/h;"}
androidx.lifecycle.LifecycleRegistry -> androidx.lifecycle.n:
    boolean enforceMainThread -> b
    androidx.arch.core.internal.FastSafeIterableMap observerMap -> c
    androidx.lifecycle.Lifecycle$State state -> d
    java.lang.ref.WeakReference lifecycleOwner -> e
    int addingObserverCounter -> f
    boolean handlingEvent -> g
    boolean newEventOccurred -> h
    java.util.ArrayList parentStates -> i
    androidx.lifecycle.LifecycleRegistry$Companion Companion -> j
    1:1:void <init>(androidx.lifecycle.LifecycleOwner):0:0 -> <init>
      # {"id":"com.android.tools.r8.residualsignature","signature":"(Landroidx/lifecycle/m;)V"}
    2:2:void <init>(androidx.lifecycle.LifecycleOwner,boolean):0:0 -> <init>
      # {"id":"com.android.tools.r8.residualsignature","signature":"(Landroidx/lifecycle/m;Z)V"}
    1:1:void addObserver(androidx.lifecycle.LifecycleObserver):0:0 -> a
      # {"id":"com.android.tools.r8.residualsignature","signature":"(Landroidx/lifecycle/l;)V"}
    1:1:androidx.lifecycle.Lifecycle$State getCurrentState():0:0 -> b
      # {"id":"com.android.tools.r8.residualsignature","signature":"()Landroidx/lifecycle/h$b;"}
    1:1:void removeObserver(androidx.lifecycle.LifecycleObserver):0:0 -> c
      # {"id":"com.android.tools.r8.residualsignature","signature":"(Landroidx/lifecycle/l;)V"}
    1:1:void backwardPass(androidx.lifecycle.LifecycleOwner):0:0 -> d
      # {"id":"com.android.tools.r8.residualsignature","signature":"(Landroidx/lifecycle/m;)V"}
androidx.lifecycle.LifecycleRegistry$Companion -> androidx.lifecycle.n$a:
    void <init>() -> <init>
    1:1:void <init>(kotlin.jvm.internal.DefaultConstructorMarker):0:0 -> <init>
      # {"id":"com.android.tools.r8.residualsignature","signature":"(Lu3/e;)V"}
    1:1:androidx.lifecycle.Lifecycle$State min$lifecycle_runtime_release(androidx.lifecycle.Lifecycle$State,androidx.lifecycle.Lifecycle$State):0:0 -> a
      # {"id":"com.android.tools.r8.residualsignature","signature":"(Landroidx/lifecycle/h$b;Landroidx/lifecycle/h$b;)Landroidx/lifecycle/h$b;"}
androidx.lifecycle.LifecycleRegistry$ObserverWithState -> androidx.lifecycle.n$b:
    androidx.lifecycle.Lifecycle$State state -> a
    androidx.lifecycle.LifecycleEventObserver lifecycleObserver -> b
    1:1:void dispatchEvent(androidx.lifecycle.LifecycleOwner,androidx.lifecycle.Lifecycle$Event):0:0 -> a
      # {"id":"com.android.tools.r8.residualsignature","signature":"(Landroidx/lifecycle/m;Landroidx/lifecycle/h$a;)V"}
    1:1:androidx.lifecycle.Lifecycle$State getState():0:0 -> b
      # {"id":"com.android.tools.r8.residualsignature","signature":"()Landroidx/lifecycle/h$b;"}